<?xml version="1.0" encoding="UTF-8" ?>
<testsuite tests="10" failures="0" name="TicketManagement.service.TicketServiceImplTest" time="1.042" errors="0" skipped="0">
  <properties>
    <property name="java.runtime.name" value="Java(TM) SE Runtime Environment"/>
    <property name="sun.boot.library.path" value="C:\Program Files\Java\jdk1.8.0_77\jre\bin"/>
    <property name="java.vm.version" value="25.77-b03"/>
    <property name="java.vm.vendor" value="Oracle Corporation"/>
    <property name="java.vendor.url" value="http://java.oracle.com/"/>
    <property name="path.separator" value=";"/>
    <property name="java.vm.name" value="Java HotSpot(TM) 64-Bit Server VM"/>
    <property name="file.encoding.pkg" value="sun.io"/>
    <property name="user.script" value=""/>
    <property name="user.country" value="US"/>
    <property name="sun.java.launcher" value="SUN_STANDARD"/>
    <property name="sun.os.patch.level" value=""/>
    <property name="java.vm.specification.name" value="Java Virtual Machine Specification"/>
    <property name="user.dir" value="C:\Users\Madhuri\Downloads\GRC\Walmart\NewTry\TicketManagement"/>
    <property name="java.runtime.version" value="1.8.0_77-b03"/>
    <property name="java.awt.graphicsenv" value="sun.awt.Win32GraphicsEnvironment"/>
    <property name="basedir" value="C:\Users\Madhuri\Downloads\GRC\Walmart\NewTry\TicketManagement"/>
    <property name="java.endorsed.dirs" value="C:\Program Files\Java\jdk1.8.0_77\jre\lib\endorsed"/>
    <property name="os.arch" value="amd64"/>
    <property name="surefire.real.class.path" value="C:\Users\Madhuri\Downloads\GRC\Walmart\NewTry\TicketManagement\target\surefire\surefirebooter5277198629307368344.jar"/>
    <property name="java.io.tmpdir" value="C:\Users\Madhuri\AppData\Local\Temp\"/>
    <property name="line.separator" value="
"/>
    <property name="java.vm.specification.vendor" value="Oracle Corporation"/>
    <property name="user.variant" value=""/>
    <property name="os.name" value="Windows 10"/>
    <property name="sun.jnu.encoding" value="Cp1252"/>
    <property name="java.library.path" value="C:\Program Files\Java\jdk1.8.0_77\jre\bin;C:\WINDOWS\Sun\Java\bin;C:\WINDOWS\system32;C:\WINDOWS;C:\app\Madhuri\product\11.2.0\dbhome_1\bin;C:\ProgramData\Oracle\Java\javapath;c:\Program Files (x86)\Intel\iCLS Client\;c:\Program Files\Intel\iCLS Client\;C:\WINDOWS\system32;C:\WINDOWS;C:\WINDOWS\System32\Wbem;C:\WINDOWS\System32\WindowsPowerShell\v1.0\;C:\Program Files\Intel\Intel(R) Management Engine Components\DAL;C:\Program Files\Intel\Intel(R) Management Engine Components\IPT;C:\Program Files (x86)\Intel\Intel(R) Management Engine Components\DAL;C:\Program Files\Java\jdk1.8.0_77\bin;c:\Program Files (x86)\Microsoft SQL Server\110\Tools\Binn\;c:\Program Files\Microsoft SQL Server\110\Tools\Binn\;c:\Program Files\Microsoft SQL Server\110\DTS\Binn\;C:\Python27\;C:\Program Files\MongoDB\Server\3.2\bin;C:\Users\Madhuri\AppData\Local\Microsoft\WindowsApps;C:\Users\Madhuri\Downloads\apache-maven-3.3.9-bin.tar\apache-maven-3.3.9-bin\apache-maven-3.3.9\bin;C:\sqlite;."/>
    <property name="surefire.test.class.path" value="C:\Users\Madhuri\Downloads\GRC\Walmart\NewTry\TicketManagement\target\test-classes;C:\Users\Madhuri\Downloads\GRC\Walmart\NewTry\TicketManagement\target\classes;C:\Users\Madhuri\.m2\repository\commons-validator\commons-validator\1.4.0\commons-validator-1.4.0.jar;C:\Users\Madhuri\.m2\repository\commons-beanutils\commons-beanutils\1.8.3\commons-beanutils-1.8.3.jar;C:\Users\Madhuri\.m2\repository\commons-digester\commons-digester\1.8\commons-digester-1.8.jar;C:\Users\Madhuri\.m2\repository\commons-logging\commons-logging\1.1.1\commons-logging-1.1.1.jar;C:\Users\Madhuri\.m2\repository\org\mockito\mockito-all\1.10.19\mockito-all-1.10.19.jar;C:\Users\Madhuri\.m2\repository\org\mockito\mockito-core\1.10.19\mockito-core-1.10.19.jar;C:\Users\Madhuri\.m2\repository\org\hamcrest\hamcrest-core\1.1\hamcrest-core-1.1.jar;C:\Users\Madhuri\.m2\repository\org\objenesis\objenesis\2.1\objenesis-2.1.jar;C:\Users\Madhuri\.m2\repository\org\javassist\javassist\3.19.0-GA\javassist-3.19.0-GA.jar;C:\Users\Madhuri\.m2\repository\org\hibernate\hibernate-core\4.1.4.Final\hibernate-core-4.1.4.Final.jar;C:\Users\Madhuri\.m2\repository\antlr\antlr\2.7.7\antlr-2.7.7.jar;C:\Users\Madhuri\.m2\repository\org\jboss\logging\jboss-logging\3.1.0.GA\jboss-logging-3.1.0.GA.jar;C:\Users\Madhuri\.m2\repository\org\jboss\spec\javax\transaction\jboss-transaction-api_1.1_spec\1.0.0.Final\jboss-transaction-api_1.1_spec-1.0.0.Final.jar;C:\Users\Madhuri\.m2\repository\dom4j\dom4j\1.6.1\dom4j-1.6.1.jar;C:\Users\Madhuri\.m2\repository\org\hibernate\javax\persistence\hibernate-jpa-2.0-api\1.0.1.Final\hibernate-jpa-2.0-api-1.0.1.Final.jar;C:\Users\Madhuri\.m2\repository\org\hibernate\common\hibernate-commons-annotations\4.0.1.Final\hibernate-commons-annotations-4.0.1.Final.jar;C:\Users\Madhuri\.m2\repository\org\hibernate\hibernate-annotations\3.4.0.GA\hibernate-annotations-3.4.0.GA.jar;C:\Users\Madhuri\.m2\repository\org\hibernate\ejb3-persistence\1.0.2.GA\ejb3-persistence-1.0.2.GA.jar;C:\Users\Madhuri\.m2\repository\org\hibernate\hibernate-commons-annotations\3.1.0.GA\hibernate-commons-annotations-3.1.0.GA.jar;C:\Users\Madhuri\.m2\repository\org\slf4j\slf4j-api\1.4.2\slf4j-api-1.4.2.jar;C:\Users\Madhuri\.m2\repository\org\xerial\sqlite-jdbc\3.8.11.2\sqlite-jdbc-3.8.11.2.jar;C:\Users\Madhuri\.m2\repository\org\powermock\powermock-api-mockito\1.6.2\powermock-api-mockito-1.6.2.jar;C:\Users\Madhuri\.m2\repository\org\powermock\powermock-api-support\1.6.2\powermock-api-support-1.6.2.jar;C:\Users\Madhuri\.m2\repository\org\powermock\powermock-api-easymock\1.6.2\powermock-api-easymock-1.6.2.jar;C:\Users\Madhuri\.m2\repository\cglib\cglib-nodep\2.2.2\cglib-nodep-2.2.2.jar;C:\Users\Madhuri\.m2\repository\org\powermock\powermock-module-junit4\1.6.4\powermock-module-junit4-1.6.4.jar;C:\Users\Madhuri\.m2\repository\org\powermock\powermock-module-junit4-common\1.6.4\powermock-module-junit4-common-1.6.4.jar;C:\Users\Madhuri\.m2\repository\org\powermock\powermock-core\1.6.2\powermock-core-1.6.2.jar;C:\Users\Madhuri\.m2\repository\org\powermock\powermock-reflect\1.6.2\powermock-reflect-1.6.2.jar;C:\Users\Madhuri\.m2\repository\junit\junit\4.12\junit-4.12.jar;"/>
    <property name="java.specification.name" value="Java Platform API Specification"/>
    <property name="java.class.version" value="52.0"/>
    <property name="sun.management.compiler" value="HotSpot 64-Bit Tiered Compilers"/>
    <property name="os.version" value="10.0"/>
    <property name="user.home" value="C:\Users\Madhuri"/>
    <property name="user.timezone" value="America/New_York"/>
    <property name="java.awt.printerjob" value="sun.awt.windows.WPrinterJob"/>
    <property name="java.specification.version" value="1.8"/>
    <property name="file.encoding" value="Cp1252"/>
    <property name="user.name" value="Madhuri"/>
    <property name="java.class.path" value="C:\Users\Madhuri\Downloads\GRC\Walmart\NewTry\TicketManagement\target\test-classes;C:\Users\Madhuri\Downloads\GRC\Walmart\NewTry\TicketManagement\target\classes;C:\Users\Madhuri\.m2\repository\commons-validator\commons-validator\1.4.0\commons-validator-1.4.0.jar;C:\Users\Madhuri\.m2\repository\commons-beanutils\commons-beanutils\1.8.3\commons-beanutils-1.8.3.jar;C:\Users\Madhuri\.m2\repository\commons-digester\commons-digester\1.8\commons-digester-1.8.jar;C:\Users\Madhuri\.m2\repository\commons-logging\commons-logging\1.1.1\commons-logging-1.1.1.jar;C:\Users\Madhuri\.m2\repository\org\mockito\mockito-all\1.10.19\mockito-all-1.10.19.jar;C:\Users\Madhuri\.m2\repository\org\mockito\mockito-core\1.10.19\mockito-core-1.10.19.jar;C:\Users\Madhuri\.m2\repository\org\hamcrest\hamcrest-core\1.1\hamcrest-core-1.1.jar;C:\Users\Madhuri\.m2\repository\org\objenesis\objenesis\2.1\objenesis-2.1.jar;C:\Users\Madhuri\.m2\repository\org\javassist\javassist\3.19.0-GA\javassist-3.19.0-GA.jar;C:\Users\Madhuri\.m2\repository\org\hibernate\hibernate-core\4.1.4.Final\hibernate-core-4.1.4.Final.jar;C:\Users\Madhuri\.m2\repository\antlr\antlr\2.7.7\antlr-2.7.7.jar;C:\Users\Madhuri\.m2\repository\org\jboss\logging\jboss-logging\3.1.0.GA\jboss-logging-3.1.0.GA.jar;C:\Users\Madhuri\.m2\repository\org\jboss\spec\javax\transaction\jboss-transaction-api_1.1_spec\1.0.0.Final\jboss-transaction-api_1.1_spec-1.0.0.Final.jar;C:\Users\Madhuri\.m2\repository\dom4j\dom4j\1.6.1\dom4j-1.6.1.jar;C:\Users\Madhuri\.m2\repository\org\hibernate\javax\persistence\hibernate-jpa-2.0-api\1.0.1.Final\hibernate-jpa-2.0-api-1.0.1.Final.jar;C:\Users\Madhuri\.m2\repository\org\hibernate\common\hibernate-commons-annotations\4.0.1.Final\hibernate-commons-annotations-4.0.1.Final.jar;C:\Users\Madhuri\.m2\repository\org\hibernate\hibernate-annotations\3.4.0.GA\hibernate-annotations-3.4.0.GA.jar;C:\Users\Madhuri\.m2\repository\org\hibernate\ejb3-persistence\1.0.2.GA\ejb3-persistence-1.0.2.GA.jar;C:\Users\Madhuri\.m2\repository\org\hibernate\hibernate-commons-annotations\3.1.0.GA\hibernate-commons-annotations-3.1.0.GA.jar;C:\Users\Madhuri\.m2\repository\org\slf4j\slf4j-api\1.4.2\slf4j-api-1.4.2.jar;C:\Users\Madhuri\.m2\repository\org\xerial\sqlite-jdbc\3.8.11.2\sqlite-jdbc-3.8.11.2.jar;C:\Users\Madhuri\.m2\repository\org\powermock\powermock-api-mockito\1.6.2\powermock-api-mockito-1.6.2.jar;C:\Users\Madhuri\.m2\repository\org\powermock\powermock-api-support\1.6.2\powermock-api-support-1.6.2.jar;C:\Users\Madhuri\.m2\repository\org\powermock\powermock-api-easymock\1.6.2\powermock-api-easymock-1.6.2.jar;C:\Users\Madhuri\.m2\repository\cglib\cglib-nodep\2.2.2\cglib-nodep-2.2.2.jar;C:\Users\Madhuri\.m2\repository\org\powermock\powermock-module-junit4\1.6.4\powermock-module-junit4-1.6.4.jar;C:\Users\Madhuri\.m2\repository\org\powermock\powermock-module-junit4-common\1.6.4\powermock-module-junit4-common-1.6.4.jar;C:\Users\Madhuri\.m2\repository\org\powermock\powermock-core\1.6.2\powermock-core-1.6.2.jar;C:\Users\Madhuri\.m2\repository\org\powermock\powermock-reflect\1.6.2\powermock-reflect-1.6.2.jar;C:\Users\Madhuri\.m2\repository\junit\junit\4.12\junit-4.12.jar;"/>
    <property name="java.vm.specification.version" value="1.8"/>
    <property name="sun.arch.data.model" value="64"/>
    <property name="java.home" value="C:\Program Files\Java\jdk1.8.0_77\jre"/>
    <property name="sun.java.command" value="C:\Users\Madhuri\Downloads\GRC\Walmart\NewTry\TicketManagement\target\surefire\surefirebooter5277198629307368344.jar C:\Users\Madhuri\Downloads\GRC\Walmart\NewTry\TicketManagement\target\surefire\surefire168982015695619480tmp C:\Users\Madhuri\Downloads\GRC\Walmart\NewTry\TicketManagement\target\surefire\surefire1659584048683610714tmp"/>
    <property name="java.specification.vendor" value="Oracle Corporation"/>
    <property name="user.language" value="en"/>
    <property name="awt.toolkit" value="sun.awt.windows.WToolkit"/>
    <property name="java.vm.info" value="mixed mode"/>
    <property name="java.version" value="1.8.0_77"/>
    <property name="java.ext.dirs" value="C:\Program Files\Java\jdk1.8.0_77\jre\lib\ext;C:\WINDOWS\Sun\Java\lib\ext"/>
    <property name="sun.boot.class.path" value="C:\Program Files\Java\jdk1.8.0_77\jre\lib\resources.jar;C:\Program Files\Java\jdk1.8.0_77\jre\lib\rt.jar;C:\Program Files\Java\jdk1.8.0_77\jre\lib\sunrsasign.jar;C:\Program Files\Java\jdk1.8.0_77\jre\lib\jsse.jar;C:\Program Files\Java\jdk1.8.0_77\jre\lib\jce.jar;C:\Program Files\Java\jdk1.8.0_77\jre\lib\charsets.jar;C:\Program Files\Java\jdk1.8.0_77\jre\lib\jfr.jar;C:\Program Files\Java\jdk1.8.0_77\jre\classes"/>
    <property name="java.vendor" value="Oracle Corporation"/>
    <property name="localRepository" value="C:\Users\Madhuri\.m2\repository"/>
    <property name="file.separator" value="\"/>
    <property name="java.vendor.url.bug" value="http://bugreport.sun.com/bugreport/"/>
    <property name="sun.cpu.endian" value="little"/>
    <property name="sun.io.unicode.encoding" value="UnicodeLittle"/>
    <property name="sun.desktop" value="windows"/>
    <property name="sun.cpu.isalist" value="amd64"/>
  </properties>
  <testcase classname="TicketManagement.service.TicketServiceImplTest" name="testReserveSeats" time="0.29"/>
  <testcase classname="TicketManagement.service.TicketServiceImplTest" name="testNumOfSeatsAvailableForALevelPositive" time="0.006"/>
  <testcase classname="TicketManagement.service.TicketServiceImplTest" name="testFindAndHoldSeatsCase4" time="0.006"/>
  <testcase classname="TicketManagement.service.TicketServiceImplTest" name="testCancelHeldSeats" time="0.006"/>
  <testcase classname="TicketManagement.service.TicketServiceImplTest" name="testNumOfSeatsAvailableNegative" time="0.006"/>
  <testcase classname="TicketManagement.service.TicketServiceImplTest" name="testFindAndHoldSeatsCase3" time="0.006"/>
  <testcase classname="TicketManagement.service.TicketServiceImplTest" name="testFindAndHoldSeatsCase2" time="0.009"/>
  <testcase classname="TicketManagement.service.TicketServiceImplTest" name="testNumOfSeatsAvailablePositive" time="0.013"/>
  <testcase classname="TicketManagement.service.TicketServiceImplTest" name="testFindAndHoldSeatsCase1" time="0.009"/>
  <testcase classname="TicketManagement.service.TicketServiceImplTest" name="testFindAndHoldSeatsNegative" time="0.006"/>
</testsuite>